2020-07-20 18:04:28,273 [Worker-0: Loading available Gradle versions] INFO  o.e.b.c.i.u.g.PublishedGradleVersions - Gradle version information cache is not available. Remote download required.
2020-07-20 18:08:37,611 [Worker-4: Loading available Gradle versions] INFO  o.e.b.c.i.u.g.PublishedGradleVersions - Gradle version information cache is up-to-date. Trying to read.
2020-07-20 18:09:03,188 [Worker-4: Loading available Gradle versions] INFO  o.e.b.c.i.u.g.PublishedGradleVersions - Gradle version information cache is up-to-date. Trying to read.
2020-07-20 20:03:10,868 [Worker-8: Loading available Gradle versions] INFO  o.e.b.c.i.u.g.PublishedGradleVersions - Gradle version information cache is up-to-date. Trying to read.
2020-07-21 09:33:47,726 [Worker-0: Loading available Gradle versions] INFO  o.e.b.c.i.u.g.PublishedGradleVersions - Gradle version information cache is up-to-date. Trying to read.
2020-07-21 09:34:50,856 [Worker-5: Loading available Gradle versions] INFO  o.e.b.c.i.u.g.PublishedGradleVersions - Gradle version information cache is up-to-date. Trying to read.
2020-07-21 20:10:36,191 [Worker-4: Loading available Gradle versions] INFO  o.e.b.c.i.u.g.PublishedGradleVersions - Gradle version information cache is out-of-date. Trying to update.
2020-07-22 09:28:02,902 [Worker-1: Loading available Gradle versions] INFO  o.e.b.c.i.u.g.PublishedGradleVersions - Gradle version information cache is up-to-date. Trying to read.
2020-07-22 17:33:18,064 [Worker-2: Loading available Gradle versions] INFO  o.e.b.c.i.u.g.PublishedGradleVersions - Gradle version information cache is up-to-date. Trying to read.
2020-07-22 18:02:08,800 [Worker-1: Loading available Gradle versions] INFO  o.e.b.c.i.u.g.PublishedGradleVersions - Gradle version information cache is up-to-date. Trying to read.
2020-07-22 18:05:03,039 [Worker-11: Loading available Gradle versions] INFO  o.e.b.c.i.u.g.PublishedGradleVersions - Gradle version information cache is up-to-date. Trying to read.
2020-07-23 09:36:49,232 [Worker-2: Loading available Gradle versions] INFO  o.e.b.c.i.u.g.PublishedGradleVersions - Gradle version information cache is out-of-date. Trying to update.
2020-07-23 09:49:54,639 [Worker-1: Loading available Gradle versions] INFO  o.e.b.c.i.u.g.PublishedGradleVersions - Gradle version information cache is up-to-date. Trying to read.
2020-07-23 18:36:29,765 [Worker-6: Loading available Gradle versions] INFO  o.e.b.c.i.u.g.PublishedGradleVersions - Gradle version information cache is up-to-date. Trying to read.
2020-07-24 09:17:20,355 [Worker-7: Loading available Gradle versions] INFO  o.e.b.c.i.u.g.PublishedGradleVersions - Gradle version information cache is up-to-date. Trying to read.
2020-07-24 19:36:21,736 [Worker-3: Loading available Gradle versions] INFO  o.e.b.c.i.u.g.PublishedGradleVersions - Gradle version information cache is out-of-date. Trying to update.
2020-07-27 09:14:57,354 [Worker-5: Loading available Gradle versions] INFO  o.e.b.c.i.u.g.PublishedGradleVersions - Gradle version information cache is out-of-date. Trying to update.
2020-07-28 09:18:14,052 [Worker-8: Loading available Gradle versions] INFO  o.e.b.c.i.u.g.PublishedGradleVersions - Gradle version information cache is out-of-date. Trying to update.
2020-07-29 09:31:36,774 [Worker-0: Loading available Gradle versions] INFO  o.e.b.c.i.u.g.PublishedGradleVersions - Gradle version information cache is out-of-date. Trying to update.
2020-07-30 09:17:46,918 [Worker-2: Loading available Gradle versions] INFO  o.e.b.c.i.u.g.PublishedGradleVersions - Gradle version information cache is up-to-date. Trying to read.
2020-07-31 09:15:58,954 [Worker-2: Loading available Gradle versions] INFO  o.e.b.c.i.u.g.PublishedGradleVersions - Gradle version information cache is out-of-date. Trying to update.
2020-07-31 19:03:09,334 [Worker-8: Loading available Gradle versions] INFO  o.e.b.c.i.u.g.PublishedGradleVersions - Gradle version information cache is up-to-date. Trying to read.
2020-08-03 09:29:09,863 [Worker-11: Loading available Gradle versions] INFO  o.e.b.c.i.u.g.PublishedGradleVersions - Gradle version information cache is out-of-date. Trying to update.
2020-08-04 09:19:59,228 [Worker-4: Loading available Gradle versions] INFO  o.e.b.c.i.u.g.PublishedGradleVersions - Gradle version information cache is up-to-date. Trying to read.
2020-08-04 16:31:39,592 [Worker-169: Computing Git status for repository eomcs-java-basic] WARN  o.e.j.i.s.file.ObjectDirectory - Pack file /home/bitcamp/git/eomcs-java-basic/.git/objects/pack/pack-bc6e8e16e12e18f7afd92f3ffdd74648f25a7e99.pack was deleted, removing it from pack list
java.io.FileNotFoundException: /home/bitcamp/git/eomcs-java-basic/.git/objects/pack/pack-bc6e8e16e12e18f7afd92f3ffdd74648f25a7e99.pack (그런 파일이나 디렉터리가 없습니다)
	at java.base/java.io.RandomAccessFile.open0(Native Method) ~[na:na]
	at java.base/java.io.RandomAccessFile.open(RandomAccessFile.java:345) ~[na:na]
	at java.base/java.io.RandomAccessFile.<init>(RandomAccessFile.java:259) ~[na:na]
	at java.base/java.io.RandomAccessFile.<init>(RandomAccessFile.java:214) ~[na:na]
	at org.eclipse.jgit.internal.storage.file.PackFile.doOpen(PackFile.java:657) ~[na:na]
	at org.eclipse.jgit.internal.storage.file.PackFile.beginWindowCache(PackFile.java:638) ~[na:na]
	at org.eclipse.jgit.internal.storage.file.WindowCache.load(WindowCache.java:503) ~[na:na]
	at org.eclipse.jgit.internal.storage.file.WindowCache.getOrLoad(WindowCache.java:595) ~[na:na]
	at org.eclipse.jgit.internal.storage.file.WindowCache.get(WindowCache.java:385) ~[na:na]
	at org.eclipse.jgit.internal.storage.file.WindowCursor.pin(WindowCursor.java:327) ~[na:na]
	at org.eclipse.jgit.internal.storage.file.WindowCursor.copy(WindowCursor.java:226) ~[na:na]
	at org.eclipse.jgit.internal.storage.file.PackFile.readFully(PackFile.java:614) ~[na:na]
	at org.eclipse.jgit.internal.storage.file.PackFile.load(PackFile.java:796) ~[na:na]
	at org.eclipse.jgit.internal.storage.file.PackFile.get(PackFile.java:284) ~[na:na]
	at org.eclipse.jgit.internal.storage.file.ObjectDirectory.openPackedObject(ObjectDirectory.java:455) ~[na:na]
	at org.eclipse.jgit.internal.storage.file.ObjectDirectory.openPackedFromSelfOrAlternate(ObjectDirectory.java:413) ~[na:na]
	at org.eclipse.jgit.internal.storage.file.ObjectDirectory.openObject(ObjectDirectory.java:404) ~[na:na]
	at org.eclipse.jgit.internal.storage.file.WindowCursor.open(WindowCursor.java:132) ~[na:na]
	at org.eclipse.jgit.lib.ObjectReader.open(ObjectReader.java:203) ~[na:na]
	at org.eclipse.jgit.revwalk.RevWalk.parseAny(RevWalk.java:917) ~[na:na]
	at org.eclipse.jgit.revwalk.RevWalk.parseTree(RevWalk.java:855) ~[na:na]
	at org.eclipse.jgit.lib.IndexDiff.<init>(IndexDiff.java:290) ~[na:na]
	at org.eclipse.jgit.lib.IndexDiff.<init>(IndexDiff.java:271) ~[na:na]
	at org.eclipse.egit.core.internal.indexdiff.IndexDiffCacheEntry.lambda$6(IndexDiffCacheEntry.java:685) ~[na:na]
	at org.eclipse.egit.core.UnitOfWork.run(UnitOfWork.java:115) ~[na:na]
	at org.eclipse.egit.core.internal.indexdiff.IndexDiffCacheEntry.calcIndexDiffDataFull(IndexDiffCacheEntry.java:680) ~[na:na]
	at org.eclipse.egit.core.internal.indexdiff.IndexDiffCacheEntry.access$8(IndexDiffCacheEntry.java:674) ~[na:na]
	at org.eclipse.egit.core.internal.indexdiff.IndexDiffCacheEntry$4.run(IndexDiffCacheEntry.java:420) ~[na:na]
	at org.eclipse.core.internal.jobs.Worker.run(Worker.java:63) ~[org.eclipse.core.jobs_3.10.800.v20200421-0950.jar:na]
2020-08-05 09:33:08,286 [Worker-5: Loading available Gradle versions] INFO  o.e.b.c.i.u.g.PublishedGradleVersions - Gradle version information cache is out-of-date. Trying to update.
2020-08-06 09:18:52,949 [Worker-8: Loading available Gradle versions] INFO  o.e.b.c.i.u.g.PublishedGradleVersions - Gradle version information cache is up-to-date. Trying to read.
2020-08-07 09:14:37,309 [Worker-2: Loading available Gradle versions] INFO  o.e.b.c.i.u.g.PublishedGradleVersions - Gradle version information cache is out-of-date. Trying to update.
2020-08-10 09:14:16,035 [Worker-2: Loading available Gradle versions] INFO  o.e.b.c.i.u.g.PublishedGradleVersions - Gradle version information cache is out-of-date. Trying to update.
2020-08-11 09:16:18,094 [Worker-1: Loading available Gradle versions] INFO  o.e.b.c.i.u.g.PublishedGradleVersions - Gradle version information cache is out-of-date. Trying to update.
2020-08-12 09:07:12,716 [Worker-2: Loading available Gradle versions] INFO  o.e.b.c.i.u.g.PublishedGradleVersions - Gradle version information cache is up-to-date. Trying to read.
2020-08-12 17:44:59,725 [Worker-3: Loading available Gradle versions] INFO  o.e.b.c.i.u.g.PublishedGradleVersions - Gradle version information cache is out-of-date. Trying to update.
2020-08-13 09:27:03,085 [Worker-3: Loading available Gradle versions] INFO  o.e.b.c.i.u.g.PublishedGradleVersions - Gradle version information cache is up-to-date. Trying to read.
2020-08-14 09:00:17,194 [Worker-4: Loading available Gradle versions] INFO  o.e.b.c.i.u.g.PublishedGradleVersions - Gradle version information cache is out-of-date. Trying to update.
2020-08-17 09:01:51,749 [Worker-0: Loading available Gradle versions] INFO  o.e.b.c.i.u.g.PublishedGradleVersions - Gradle version information cache is out-of-date. Trying to update.
2020-08-17 14:29:46,766 [Worker-7: Loading available Gradle versions] INFO  o.e.b.c.i.u.g.PublishedGradleVersions - Gradle version information cache is up-to-date. Trying to read.
